<?xml version="1.0" encoding="UTF-8"?>
<!-- Generated by org.testng.reporters.JUnitReportReporter -->
<testsuite hostname="LAPTOP-IQ8CH363" failures="0" tests="1" name="testNgOption.TestRunner" time="18.891" errors="0" timestamp="2023-08-07T12:42:07 IST" skipped="0">
  <testcase classname="testNgOption.TestRunner" name="runScenario" time="18.891"/>
  <system-out/>
</testsuite> <!-- testNgOption.TestRunner -->
